start recvphoneinfo ... phoneinfo below ...
0: 127.0.0.1 0 48962
1: 127.0.0.1 1 48964
end recvphoneinfo ...[pid:1] pa=0 lc=-1 lr=-1
Master node start accept connection.
initsockdata...
[pid:1] accept 0
Worker 127.0.0.1 have finished comm_init.
[pid:1] myrank is &d in 1 process
[pid:1] begin isend to dest 0, tag 456.
[pid:1] end isend env=> s:1 d:0 t:456 sys:0 sz:20 actisend:1
[pid:1] begin recv from 0, tag 123
[pid:1] start find env s:0 d:-999 t:123 sys:0 sz:-999.
[pid1] IN THREAD begin thread.
find ISEND/IRECV env
[pid:1] have found a ISEND env.
[pid:1] send msg ==> s:1 d:0 t:456 sys:0 sz:20
[pid:1] Isend complete to 0 have sendsize = 70
[pid:1] recv s:0 d:1 t:123 sys:0 sz:20
[pid:1] have recv the whole msg from 0 sz:20.
find same source and same tag
[pid:1] have finished comm_recv queue_find.
[pid:1] finished recv from 0, tag 123
[pid:1] MPI_wait on 0.
[pid:1] MPI_wait on 0.
