start recvphoneinfo ... phoneinfo below ...
0: 127.0.0.1 0 48962
1: 127.0.0.1 1 48964
end recvphoneinfo ...[pid:0] pa=-1 lc=1 lr=-1
Master node start accept connection.
initsockdata...
[pid:0] connect 1(127.0.0.1,7001)
Worker 127.0.0.1 have finished comm_init.
[pid:0] myrank is &d in 0 process
[pid:0] begin isend to dest 1, tag 123.
[pid:0] end isend env=> s:0 d:1 t:123 sys:0 sz:20 actisend:1
[pid:0] begin recv from 1, tag 456
[pid:0] start find env s:1 d:-999 t:456 sys:0 sz:-999.
[pid0] IN THREAD begin thread.
find ISEND/IRECV env
[pid:0] have found a ISEND env.
[pid:0] send msg ==> s:0 d:1 t:123 sys:0 sz:20
[pid:0] Isend complete to 1 have sendsize = 70
[pid:0] recv s:1 d:0 t:456 sys:0 sz:20
[pid:0] have recv the whole msg from 1 sz:20.
[pid:0] normal closing 1 when recv head.
find same source and same tag
[pid:0] have finished comm_recv queue_find.
[pid:0] finished recv from 1, tag 456
[pid:0] MPI_wait on 0.
[pid:0] MPI_wait on 0.
